19.04.2017 08:55:46 Dispatch action: import_widgets
19.04.2017 08:55:46 Import Widgets
19.04.2017 08:55:46 Load data from the file C:\xampp\htdocs\balirukun/wp-content/themes/frank-jewelry-store/demo/default/widgets.txt successful
19.04.2017 08:55:46 AJAX handler finished - send results to client: {"action":"import_widgets","error":"","start_from_id":0,"result":100}
19.04.2017 08:55:47 Dispatch action: import_essential-grid
19.04.2017 08:55:47 Load data from the file C:\xampp\htdocs\balirukun/wp-content/themes/frank-jewelry-store/demo/default/ess_grid.json successful
19.04.2017 08:55:51 Essential Grid import complete
19.04.2017 08:55:51 AJAX handler finished - send results to client: {"action":"import_essential-grid","error":"","start_from_id":0,"result":100}
19.04.2017 08:55:52 Dispatch action: import_revslider
19.04.2017 08:55:52 Import Revolution sliders
19.04.2017 08:55:52 Load data from the file C:\xampp\htdocs\balirukun/wp-content/themes/frank-jewelry-store/demo/default/revslider.txt successful
19.04.2017 08:56:27 Slider "home.zip" imported
19.04.2017 08:56:27 AJAX handler finished - send results to client: {"action":"import_revslider","error":"","start_from_id":"revsliders\/home.zip","result":14}
19.04.2017 08:56:28 Dispatch action: import_revslider
19.04.2017 08:56:28 Import Revolution sliders
19.04.2017 08:56:41 Slider "home-1.zip" imported
19.04.2017 08:56:41 AJAX handler finished - send results to client: {"action":"import_revslider","error":"","start_from_id":"revsliders\/home-1.zip","result":29}
19.04.2017 08:56:43 Dispatch action: import_revslider
19.04.2017 08:56:43 Import Revolution sliders
19.04.2017 08:56:56 Slider "home-2.zip" imported
19.04.2017 08:56:56 AJAX handler finished - send results to client: {"action":"import_revslider","error":"","start_from_id":"revsliders\/home-2.zip","result":43}
19.04.2017 08:56:58 Dispatch action: import_revslider
19.04.2017 08:56:58 Import Revolution sliders
19.04.2017 08:57:10 Slider "home-3.zip" imported
19.04.2017 08:57:10 AJAX handler finished - send results to client: {"action":"import_revslider","error":"","start_from_id":"revsliders\/home-3.zip","result":57}
19.04.2017 08:57:11 Dispatch action: import_revslider
19.04.2017 08:57:11 Import Revolution sliders
19.04.2017 08:57:23 Slider "home-5.zip" imported
19.04.2017 08:57:23 AJAX handler finished - send results to client: {"action":"import_revslider","error":"","start_from_id":"revsliders\/home-5.zip","result":71}
19.04.2017 08:57:25 Dispatch action: import_revslider
19.04.2017 08:57:25 Import Revolution sliders
19.04.2017 08:57:40 Slider "home-6.zip" imported
19.04.2017 08:57:40 AJAX handler finished - send results to client: {"action":"import_revslider","error":"","start_from_id":"revsliders\/home-6.zip","result":86}
19.04.2017 08:57:42 Dispatch action: import_revslider
19.04.2017 08:57:42 Import Revolution sliders
19.04.2017 08:58:10 Slider "one-page-slider.zip" imported
19.04.2017 08:58:10 AJAX handler finished - send results to client: {"action":"import_revslider","error":"","start_from_id":"revsliders\/one-page-slider.zip","result":100}
19.04.2017 08:58:12 Dispatch action: import_end
19.04.2017 08:58:12 AJAX handler finished - send results to client: {"action":"import_end","error":"","start_from_id":0,"result":100}
19.04.2017 09:21:41 Dispatch action: import_widgets
19.04.2017 09:21:41 Import Widgets
19.04.2017 09:21:41 Load data from the file C:\xampp\htdocs\balirukun/wp-content/themes/frank-jewelry-store/demo/default/widgets.txt successful
19.04.2017 09:21:42 AJAX handler finished - send results to client: {"action":"import_widgets","error":"","start_from_id":0,"result":100}
19.04.2017 09:21:44 Dispatch action: import_end
19.04.2017 09:21:44 AJAX handler finished - send results to client: {"action":"import_end","error":"","start_from_id":0,"result":100}
19.04.2017 09:22:26 Dispatch action: import_start
19.04.2017 09:22:26 Start import from "C:\xampp\htdocs\balirukun/wp-content/themes/frank-jewelry-store/demo/"
19.04.2017 09:22:26 AJAX handler finished - send results to client: {"action":"import_start","error":"","start_from_id":0,"result":100}
19.04.2017 09:22:27 Dispatch action: import_revslider
19.04.2017 09:22:27 Import Revolution sliders
19.04.2017 09:22:27 Load data from the file C:\xampp\htdocs\balirukun/wp-content/themes/frank-jewelry-store/demo/default/revslider.txt successful
19.04.2017 09:22:58 Slider "home.zip" imported
19.04.2017 09:22:58 AJAX handler finished - send results to client: {"action":"import_revslider","error":"","start_from_id":"revsliders\/home.zip","result":14}
19.04.2017 09:23:00 Dispatch action: import_revslider
19.04.2017 09:23:00 Import Revolution sliders
19.04.2017 09:23:11 Slider "home-1.zip" imported
19.04.2017 09:23:11 AJAX handler finished - send results to client: {"action":"import_revslider","error":"","start_from_id":"revsliders\/home-1.zip","result":29}
19.04.2017 09:23:13 Dispatch action: import_revslider
19.04.2017 09:23:13 Import Revolution sliders
19.04.2017 09:23:25 Slider "home-2.zip" imported
19.04.2017 09:23:25 AJAX handler finished - send results to client: {"action":"import_revslider","error":"","start_from_id":"revsliders\/home-2.zip","result":43}
19.04.2017 09:23:27 Dispatch action: import_revslider
19.04.2017 09:23:27 Import Revolution sliders
19.04.2017 09:23:38 Slider "home-3.zip" imported
19.04.2017 09:23:38 AJAX handler finished - send results to client: {"action":"import_revslider","error":"","start_from_id":"revsliders\/home-3.zip","result":57}
19.04.2017 09:23:39 Dispatch action: import_revslider
19.04.2017 09:23:39 Import Revolution sliders
19.04.2017 09:23:49 Slider "home-5.zip" imported
19.04.2017 09:23:49 AJAX handler finished - send results to client: {"action":"import_revslider","error":"","start_from_id":"revsliders\/home-5.zip","result":71}
19.04.2017 09:23:51 Dispatch action: import_revslider
19.04.2017 09:23:51 Import Revolution sliders
19.04.2017 09:24:05 Slider "home-6.zip" imported
19.04.2017 09:24:05 AJAX handler finished - send results to client: {"action":"import_revslider","error":"","start_from_id":"revsliders\/home-6.zip","result":86}
19.04.2017 09:24:07 Dispatch action: import_revslider
19.04.2017 09:24:07 Import Revolution sliders
19.04.2017 09:24:36 Slider "one-page-slider.zip" imported
19.04.2017 09:24:36 AJAX handler finished - send results to client: {"action":"import_revslider","error":"","start_from_id":"revsliders\/one-page-slider.zip","result":100}
19.04.2017 09:24:38 Dispatch action: import_end
19.04.2017 09:24:38 AJAX handler finished - send results to client: {"action":"import_end","error":"","start_from_id":0,"result":100}
19.04.2017 09:26:30 Dispatch action: import_start
19.04.2017 09:26:30 Start import from "C:\xampp\htdocs\balirukun/wp-content/themes/frank-jewelry-store/demo/"
19.04.2017 09:26:30 AJAX handler finished - send results to client: {"action":"import_start","error":"","start_from_id":0,"result":100}
19.04.2017 09:26:31 Dispatch action: import_essential-grid
19.04.2017 09:26:31 Load data from the file C:\xampp\htdocs\balirukun/wp-content/themes/frank-jewelry-store/demo/default/ess_grid.json successful
19.04.2017 09:26:35 Essential Grid import complete
19.04.2017 09:26:35 AJAX handler finished - send results to client: {"action":"import_essential-grid","error":"","start_from_id":0,"result":100}
19.04.2017 09:26:37 Dispatch action: import_end
19.04.2017 09:26:37 AJAX handler finished - send results to client: {"action":"import_end","error":"","start_from_id":0,"result":100}
